# JRE version: Java(TM) SE Runtime Environment (8.0_171-b11) (build 1.8.0_171-b11)
# Java VM: Java HotSpot(TM) Client VM (25.171-b11 mixed mode windows-x86 )
Heap:
 def new generation   total 39424K, used 31827K [0x03c00000, 0x066c0000, 0x0e6a0000)
  eden space 35072K,  78% used [0x03c00000, 0x056d4da0, 0x05e40000)
  from space 4352K, 100% used [0x06280000, 0x066c0000, 0x066c0000)
  to   space 4352K,   0% used [0x05e40000, 0x05e40000, 0x06280000)
 tenured generation   total 87424K, used 29352K [0x0e6a0000, 0x13c00000, 0x23c00000)
   the space 87424K,  33% used [0x0e6a0000, 0x1034a248, 0x1034a400, 0x13c00000)
 Metaspace       used 18393K, capacity 18907K, committed 18944K, reserved 19840K
GC Heap History (10 events):
Event: 4.336 GC heap before
{Heap before GC invocations=1 (full 0):
 def new generation   total 39296K, used 39296K [0x03c00000, 0x066a0000, 0x0e6a0000)
  eden space 34944K, 100% used [0x03c00000, 0x05e20000, 0x05e20000)
  from space 4352K, 100% used [0x06260000, 0x066a0000, 0x066a0000)
  to   space 4352K,   0% used [0x05e20000, 0x05e20000, 0x06260000)
 tenured generation   total 87424K, used 2896K [0x0e6a0000, 0x13c00000, 0x23c00000)
   the space 87424K,   3% used [0x0e6a0000, 0x0e9741a0, 0x0e974200, 0x13c00000)
 Metaspace       used 11052K, capacity 11389K, committed 11392K, reserved 11648K
Event: 4.438 GC heap after
Heap after GC invocations=2 (full 0):
 def new generation   total 39296K, used 4352K [0x03c00000, 0x066a0000, 0x0e6a0000)
  eden space 34944K,   0% used [0x03c00000, 0x03c00000, 0x05e20000)
  from space 4352K, 100% used [0x05e20000, 0x06260000, 0x06260000)
  to   space 4352K,   0% used [0x06260000, 0x06260000, 0x066a0000)
 tenured generation   total 87424K, used 12149K [0x0e6a0000, 0x13c00000, 0x23c00000)
   the space 87424K,  13% used [0x0e6a0000, 0x0f27d6b0, 0x0f27d800, 0x13c00000)
 Metaspace       used 11052K, capacity 11389K, committed 11392K, reserved 11648K
}
Event: 5.250 GC heap before
{Heap before GC invocations=2 (full 0):
 def new generation   total 39296K, used 18821K [0x03c00000, 0x066a0000, 0x0e6a0000)
  eden space 34944K,  41% used [0x03c00000, 0x04a21600, 0x05e20000)
  from space 4352K, 100% used [0x05e20000, 0x06260000, 0x06260000)
  to   space 4352K,   0% used [0x06260000, 0x06260000, 0x066a0000)
 tenured generation   total 87424K, used 12149K [0x0e6a0000, 0x13c00000, 0x23c00000)
   the space 87424K,  13% used [0x0e6a0000, 0x0f27d6b0, 0x0f27d800, 0x13c00000)
 Metaspace       used 11923K, capacity 12266K, committed 12288K, reserved 12672K
Event: 5.407 GC heap after
Heap after GC invocations=3 (full 1):
 def new generation   total 39424K, used 0K [0x03c00000, 0x066c0000, 0x0e6a0000)
  eden space 35072K,   0% used [0x03c00000, 0x03c00000, 0x05e40000)
  from space 4352K,   0% used [0x05e40000, 0x05e40000, 0x06280000)
  to   space 4352K,   0% used [0x06280000, 0x06280000, 0x066c0000)
 tenured generation   total 87424K, used 21456K [0x0e6a0000, 0x13c00000, 0x23c00000)
   the space 87424K,  24% used [0x0e6a0000, 0x0fb941d8, 0x0fb94200, 0x13c00000)
 Metaspace       used 11923K, capacity 12266K, committed 12288K, reserved 12672K
}
Event: 10.216 GC heap before
{Heap before GC invocations=3 (full 1):
 def new generation   total 39424K, used 35072K [0x03c00000, 0x066c0000, 0x0e6a0000)
  eden space 35072K, 100% used [0x03c00000, 0x05e40000, 0x05e40000)
  from space 4352K,   0% used [0x05e40000, 0x05e40000, 0x06280000)
  to   space 4352K,   0% used [0x06280000, 0x06280000, 0x066c0000)
 tenured generation   total 87424K, used 21456K [0x0e6a0000, 0x13c00000, 0x23c00000)
   the space 87424K,  24% used [0x0e6a0000, 0x0fb941d8, 0x0fb94200, 0x13c00000)
 Metaspace       used 12733K, capacity 13091K, committed 13184K, reserved 13696K
Event: 10.246 GC heap after
Heap after GC invocations=4 (full 1):
 def new generation   total 39424K, used 3005K [0x03c00000, 0x066c0000, 0x0e6a0000)
  eden space 35072K,   0% used [0x03c00000, 0x03c00000, 0x05e40000)
  from space 4352K,  69% used [0x06280000, 0x0656f4f0, 0x066c0000)
  to   space 4352K,   0% used [0x05e40000, 0x05e40000, 0x06280000)
 tenured generation   total 87424K, used 21456K [0x0e6a0000, 0x13c00000, 0x23c00000)
   the space 87424K,  24% used [0x0e6a0000, 0x0fb941d8, 0x0fb94200, 0x13c00000)
 Metaspace       used 12733K, capacity 13091K, committed 13184K, reserved 13696K
}
Event: 13.786 GC heap before
{Heap before GC invocations=4 (full 1):
 def new generation   total 39424K, used 38077K [0x03c00000, 0x066c0000, 0x0e6a0000)
  eden space 35072K, 100% used [0x03c00000, 0x05e40000, 0x05e40000)
  from space 4352K,  69% used [0x06280000, 0x0656f4f0, 0x066c0000)
  to   space 4352K,   0% used [0x05e40000, 0x05e40000, 0x06280000)
 tenured generation   total 87424K, used 21456K [0x0e6a0000, 0x13c00000, 0x23c00000)
   the space 87424K,  24% used [0x0e6a0000, 0x0fb941d8, 0x0fb94200, 0x13c00000)
 Metaspace       used 17366K, capacity 17859K, committed 18048K, reserved 18816K
Event: 13.837 GC heap after
Heap after GC invocations=5 (full 1):
 def new generation   total 39424K, used 4352K [0x03c00000, 0x066c0000, 0x0e6a0000)
  eden space 35072K,   0% used [0x03c00000, 0x03c00000, 0x05e40000)
  from space 4352K, 100% used [0x05e40000, 0x06280000, 0x06280000)
  to   space 4352K,   0% used [0x06280000, 0x06280000, 0x066c0000)
 tenured generation   total 87424K, used 25293K [0x0e6a0000, 0x13c00000, 0x23c00000)
   the space 87424K,  28% used [0x0e6a0000, 0x0ff53720, 0x0ff53800, 0x13c00000)
 Metaspace       used 17366K, capacity 17859K, committed 18048K, reserved 18816K
}
Event: 15.857 GC heap before
{Heap before GC invocations=5 (full 1):
 def new generation   total 39424K, used 39424K [0x03c00000, 0x066c0000, 0x0e6a0000)
  eden space 35072K, 100% used [0x03c00000, 0x05e40000, 0x05e40000)
  from space 4352K, 100% used [0x05e40000, 0x06280000, 0x06280000)
  to   space 4352K,   0% used [0x06280000, 0x06280000, 0x066c0000)
 tenured generation   total 87424K, used 25293K [0x0e6a0000, 0x13c00000, 0x23c00000)
   the space 87424K,  28% used [0x0e6a0000, 0x0ff53720, 0x0ff53800, 0x13c00000)
 Metaspace       used 17722K, capacity 18249K, committed 18432K, reserved 18816K
Event: 15.914 GC heap after
Heap after GC invocations=6 (full 1):
 def new generation   total 39424K, used 4352K [0x03c00000, 0x066c0000, 0x0e6a0000)
  eden space 35072K,   0% used [0x03c00000, 0x03c00000, 0x05e40000)
  from space 4352K, 100% used [0x06280000, 0x066c0000, 0x066c0000)
  to   space 4352K,   0% used [0x05e40000, 0x05e40000, 0x06280000)
 tenured generation   total 87424K, used 29352K [0x0e6a0000, 0x13c00000, 0x23c00000)
   the space 87424K,  33% used [0x0e6a0000, 0x1034a248, 0x1034a400, 0x13c00000)
 Metaspace       used 17722K, capacity 18249K, committed 18432K, reserved 18816K
}

